<?xml version="1.0" encoding="UTF-8"?>
<testng-results ignored="0" total="1" passed="1" failed="0" skipped="0">
  <reporter-output>
    <line>
      <![CDATA[Opening Chrome Driver.<br>]]>
    </line>
    <line>
      <![CDATA[Assertation passed. Casino page opened.]]>
    </line>
    <line>
      <![CDATA[Assertation passed. Third blackjack game opened.]]>
    </line>
  </reporter-output>
  <suite started-at="2022-04-27T16:16:28 CEST" name="B-bets linux" finished-at="2022-04-27T16:16:40 CEST" duration-ms="11855">
    <groups>
    </groups>
    <test started-at="2022-04-27T16:16:28 CEST" name="testngTest" finished-at="2022-04-27T16:16:40 CEST" duration-ms="11855">
      <class name="KazinoTest">
        <test-method signature="startThirdKazinoGameAfterLogingIn()[pri:0, instance:KazinoTest@4148db48]" started-at="2022-04-27T16:16:28 CEST" name="startThirdKazinoGameAfterLogingIn" finished-at="2022-04-27T16:16:40 CEST" duration-ms="11809" status="PASS">
          <reporter-output>
            <line>
              <![CDATA[Opening Chrome Driver.<br>]]>
            </line>
            <line>
              <![CDATA[Assertation passed. Casino page opened.]]>
            </line>
            <line>
              <![CDATA[Assertation passed. Third blackjack game opened.]]>
            </line>
          </reporter-output>
        </test-method> <!-- startThirdKazinoGameAfterLogingIn -->
      </class> <!-- KazinoTest -->
    </test> <!-- testngTest -->
  </suite> <!-- B-bets linux -->
</testng-results>
